15/09/2022 11:23:26 info: Server is running on PORT 3000.
15/09/2022 20:53:34 info: Server is running on PORT 3000.
15/09/2022 20:53:50 info: Usuário conectado: "". Sala: "-1"
15/09/2022 20:53:52 info: Usuário "" desconectado da sala "-1"
16/09/2022 08:54:11 info: Server is running on PORT 3000.
16/09/2022 09:02:34 info: Usuário conectado: "". Sala: "-1"
16/09/2022 09:02:35 info: Usuário "" desconectado da sala "-1"
16/09/2022 09:12:18 info: Usuário conectado: "". Sala: "-1"
16/09/2022 09:12:19 info: Usuário "" desconectado da sala "-1"
16/09/2022 09:13:18 info: Usuário conectado: "Felipe". Sala: "Selecione a sala"
16/09/2022 09:13:21 info: Usuário "Felipe" desconectado da sala "Selecione a sala"
16/09/2022 09:20:20 info: Usuário conectado: "Felipe". Sala: "node"
16/09/2022 09:20:22 info: Usuário "Felipe" desconectado da sala "node"
16/09/2022 09:21:16 info: Usuário conectado: "Felipe". Sala: "node"
16/09/2022 09:23:50 info: Usuário "Felipe" desconectado da sala "node"
16/09/2022 09:23:51 info: Usuário conectado: "Felipe". Sala: "node"
16/09/2022 09:25:55 info: Usuário "Felipe" desconectado da sala "node"
16/09/2022 09:25:55 info: Usuário conectado: "Felipe". Sala: "node"
16/09/2022 09:25:55 info: Usuário "Felipe" desconectado da sala "node"
16/09/2022 09:25:56 info: Usuário conectado: "Felipe". Sala: "node"
16/09/2022 09:25:56 info: Usuário "Felipe" desconectado da sala "node"
16/09/2022 09:25:56 info: Usuário conectado: "Felipe". Sala: "node"
16/09/2022 09:25:56 info: Usuário "Felipe" desconectado da sala "node"
16/09/2022 09:25:56 info: Usuário conectado: "Felipe". Sala: "node"
16/09/2022 09:25:58 info: Usuário "Felipe" desconectado da sala "node"
16/09/2022 09:26:31 info: Usuário conectado: "Felipe". Sala: "node"
16/09/2022 09:26:49 info: Usuário "Felipe" desconectado da sala "node"
16/09/2022 09:26:50 info: Usuário conectado: "Felipe". Sala: "node"
16/09/2022 09:28:22 info: Usuário "Felipe" desconectado da sala "node"
16/09/2022 09:28:22 info: Usuário conectado: "Felipe". Sala: "node"
16/09/2022 09:28:35 info: Usuário "Felipe" desconectado da sala "node"
16/09/2022 09:28:35 info: Usuário conectado: "Felipe". Sala: "node"
16/09/2022 09:29:19 info: Usuário "Felipe" desconectado da sala "node"
16/09/2022 09:29:20 info: Usuário conectado: "Felipe". Sala: "node"
16/09/2022 09:29:47 info: Usuário "Felipe" desconectado da sala "node"
16/09/2022 09:29:47 info: Usuário conectado: "Felipe". Sala: "node"
16/09/2022 09:30:02 info: Usuário "Felipe" desconectado da sala "node"
16/09/2022 09:30:02 info: Usuário conectado: "Felipe". Sala: "node"
16/09/2022 09:30:58 info: Usuário "Felipe" desconectado da sala "node"
16/09/2022 09:30:58 info: Usuário conectado: "Felipe". Sala: "node"
16/09/2022 09:31:08 info: Usuário "Felipe" desconectado da sala "node"
16/09/2022 09:31:08 info: Usuário conectado: "Felipe". Sala: "node"
16/09/2022 09:31:37 info: Usuário "Felipe" desconectado da sala "node"
16/09/2022 09:31:37 info: Usuário conectado: "Felipe". Sala: "node"
16/09/2022 09:32:20 info: Usuário "Felipe" desconectado da sala "node"
16/09/2022 09:32:21 info: Usuário conectado: "Felipe". Sala: "node"
16/09/2022 09:32:21 info: Usuário "Felipe" desconectado da sala "node"
16/09/2022 09:32:31 info: Usuário conectado: "Felipe". Sala: "node"
16/09/2022 09:35:13 info: Usuário Felipe enviou na sala node: Teste
16/09/2022 09:35:13 info: Usuário "Felipe" desconectado da sala "node"
16/09/2022 09:35:13 info: Usuário conectado: "null". Sala: "null"
16/09/2022 09:35:19 info: Usuário "null" desconectado da sala "null"
16/09/2022 09:35:42 info: Usuário conectado: "Felipe". Sala: "node"
16/09/2022 09:36:25 info: Usuário "Felipe" desconectado da sala "node"
16/09/2022 09:36:25 info: Usuário conectado: "Felipe". Sala: "node"
16/09/2022 09:37:59 info: Usuário "Felipe" desconectado da sala "node"
16/09/2022 09:37:59 info: Usuário conectado: "Felipe". Sala: "node"
16/09/2022 09:38:05 info: Usuário Felipe enviou na sala node: Teste
16/09/2022 09:38:05 info: Usuário "Felipe" desconectado da sala "node"
16/09/2022 09:38:05 info: Usuário conectado: "Felipe". Sala: "node"
16/09/2022 09:38:11 info: Usuário Felipe enviou na sala node: Olouco!
16/09/2022 09:38:11 info: Usuário "Felipe" desconectado da sala "node"
16/09/2022 09:38:12 info: Usuário conectado: "Felipe". Sala: "node"
16/09/2022 09:38:41 info: Usuário Felipe enviou na sala node: lll
16/09/2022 09:38:41 info: Usuário "Felipe" desconectado da sala "node"
16/09/2022 09:38:41 info: Usuário conectado: "Felipe". Sala: "node"
16/09/2022 09:38:52 info: Usuário conectado: "Lucas". Sala: "node"
16/09/2022 09:38:53 info: Usuário Lucas enviou na sala node: kk?
16/09/2022 09:38:54 info: Usuário "Lucas" desconectado da sala "node"
16/09/2022 09:38:54 info: Usuário conectado: "Lucas". Sala: "node"
16/09/2022 09:39:02 info: Usuário "Lucas" desconectado da sala "node"
16/09/2022 09:39:16 info: Usuário conectado: "teste". Sala: "java"
16/09/2022 09:39:18 info: Usuário "teste" desconectado da sala "java"
16/09/2022 09:39:37 info: Usuário "Felipe" desconectado da sala "node"
16/09/2022 09:40:17 info: Usuário conectado: "teste". Sala: "node"
16/09/2022 09:40:18 info: Usuário teste enviou na sala node: asdqwd
16/09/2022 09:40:19 info: Usuário teste enviou na sala node: qwd
16/09/2022 09:40:19 info: Usuário teste enviou na sala node: qwdq
16/09/2022 09:40:19 info: Usuário teste enviou na sala node: wdqw
16/09/2022 09:40:20 info: Usuário teste enviou na sala node: d
16/09/2022 09:41:09 info: Usuário "teste" desconectado da sala "node"
16/09/2022 09:41:09 info: Usuário conectado: "teste". Sala: "node"
16/09/2022 09:41:26 info: Usuário "teste" desconectado da sala "node"
16/09/2022 09:41:27 info: Usuário conectado: "teste". Sala: "node"
16/09/2022 09:42:27 info: Usuário "teste" desconectado da sala "node"
16/09/2022 09:42:27 info: Usuário conectado: "teste". Sala: "node"
16/09/2022 09:42:49 info: Usuário "teste" desconectado da sala "node"
16/09/2022 09:42:49 info: Usuário conectado: "teste". Sala: "node"
16/09/2022 09:42:56 info: Usuário "teste" desconectado da sala "node"
16/09/2022 09:42:56 info: Usuário conectado: "teste". Sala: "node"
16/09/2022 09:44:08 info: Usuário "teste" desconectado da sala "node"
16/09/2022 09:44:09 info: Usuário conectado: "teste". Sala: "node"
16/09/2022 09:44:31 info: Usuário "teste" desconectado da sala "node"
16/09/2022 09:44:32 info: Usuário conectado: "teste". Sala: "node"
16/09/2022 09:45:20 info: Usuário "teste" desconectado da sala "node"
16/09/2022 09:45:20 info: Usuário conectado: "teste". Sala: "node"
16/09/2022 09:45:28 info: Usuário "teste" desconectado da sala "node"
16/09/2022 09:45:28 info: Usuário conectado: "teste". Sala: "node"
16/09/2022 09:45:38 info: Usuário "teste" desconectado da sala "node"
16/09/2022 09:45:38 info: Usuário conectado: "teste". Sala: "node"
16/09/2022 09:45:44 info: Usuário "teste" desconectado da sala "node"
16/09/2022 09:45:44 info: Usuário conectado: "teste". Sala: "node"
16/09/2022 09:46:24 info: Usuário "teste" desconectado da sala "node"
16/09/2022 09:46:25 info: Usuário conectado: "teste". Sala: "node"
16/09/2022 09:47:11 info: Usuário "teste" desconectado da sala "node"
16/09/2022 09:47:11 info: Usuário conectado: "teste". Sala: "node"
16/09/2022 09:47:23 info: Usuário "teste" desconectado da sala "node"
16/09/2022 09:47:27 info: Usuário conectado: "Felipe". Sala: "java"
16/09/2022 09:48:03 info: Usuário "Felipe" desconectado da sala "java"
16/09/2022 09:48:03 info: Usuário conectado: "Felipe". Sala: "java"
16/09/2022 09:48:19 info: Usuário "Felipe" desconectado da sala "java"
16/09/2022 09:48:19 info: Usuário conectado: "Felipe". Sala: "java"
16/09/2022 09:48:36 info: Usuário "Felipe" desconectado da sala "java"
16/09/2022 09:48:36 info: Usuário conectado: "Felipe". Sala: "java"
16/09/2022 09:48:52 info: Usuário Felipe enviou na sala java: Exemplo de uma mensagem.
16/09/2022 09:49:18 info: Usuário "Felipe" desconectado da sala "java"
16/09/2022 09:49:22 info: Usuário conectado: "Felipe". Sala: "node"
16/09/2022 09:49:23 info: Usuário Felipe enviou na sala node: qwd
16/09/2022 09:49:23 info: Usuário Felipe enviou na sala node: qw
16/09/2022 09:49:23 info: Usuário Felipe enviou na sala node: dqw
16/09/2022 09:49:23 info: Usuário Felipe enviou na sala node: dqw
16/09/2022 09:49:23 info: Usuário Felipe enviou na sala node: dq
16/09/2022 09:49:24 info: Usuário Felipe enviou na sala node: wdq
16/09/2022 09:49:24 info: Usuário Felipe enviou na sala node: w
16/09/2022 09:49:28 info: Usuário "Felipe" desconectado da sala "node"
16/09/2022 09:49:42 info: Usuário conectado: "qwdqw". Sala: "node"
16/09/2022 09:49:47 info: Usuário "qwdqw" desconectado da sala "node"
16/09/2022 09:49:47 info: Usuário conectado: "qwdqw". Sala: "node"
16/09/2022 09:50:02 info: Usuário "qwdqw" desconectado da sala "node"
16/09/2022 09:50:07 info: Usuário conectado: "Felipe". Sala: "java"
16/09/2022 09:52:56 info: Usuário "Felipe" desconectado da sala "java"
16/09/2022 09:52:56 info: Usuário conectado: "Felipe". Sala: "java"
16/09/2022 09:53:42 info: Usuário "Felipe" desconectado da sala "java"
16/09/2022 09:53:42 info: Usuário conectado: "Felipe". Sala: "java"
16/09/2022 09:53:56 info: Usuário "Felipe" desconectado da sala "java"
16/09/2022 09:53:56 info: Usuário conectado: "Felipe". Sala: "java"
16/09/2022 09:54:19 info: Usuário "Felipe" desconectado da sala "java"
16/09/2022 09:54:19 info: Usuário conectado: "Felipe". Sala: "java"
16/09/2022 09:54:20 info: Usuário "Felipe" desconectado da sala "java"
16/09/2022 09:54:20 info: Usuário conectado: "Felipe". Sala: "java"
16/09/2022 09:54:20 info: Usuário "Felipe" desconectado da sala "java"
16/09/2022 09:54:20 info: Usuário conectado: "Felipe". Sala: "java"
16/09/2022 09:54:25 info: Usuário "Felipe" desconectado da sala "java"
16/09/2022 09:54:25 info: Usuário conectado: "Felipe". Sala: "java"
16/09/2022 09:54:25 info: Usuário "Felipe" desconectado da sala "java"
16/09/2022 09:54:25 info: Usuário conectado: "Felipe". Sala: "java"
16/09/2022 09:54:25 info: Usuário "Felipe" desconectado da sala "java"
16/09/2022 09:54:25 info: Usuário conectado: "Felipe". Sala: "java"
16/09/2022 09:54:55 info: Usuário "Felipe" desconectado da sala "java"
16/09/2022 09:54:55 info: Usuário conectado: "Felipe". Sala: "java"
16/09/2022 09:55:22 info: Usuário "Felipe" desconectado da sala "java"
16/09/2022 09:55:23 info: Usuário conectado: "Felipe". Sala: "java"
16/09/2022 09:56:02 info: Usuário "Felipe" desconectado da sala "java"
16/09/2022 09:56:02 info: Usuário conectado: "Felipe". Sala: "java"
16/09/2022 09:56:29 info: Usuário "Felipe" desconectado da sala "java"
16/09/2022 09:56:29 info: Usuário conectado: "Felipe". Sala: "java"
16/09/2022 09:56:40 info: Usuário Felipe enviou na sala java: aaaaaaaaaaaaaaaaaaaaaaaaaaaaaaaaaaaaaaaaaaaaaaaaaaaaaaaaaaaaaaaaaaaaa
16/09/2022 09:56:46 info: Usuário Felipe enviou na sala java: aaaaaaaaaaaaaaaaaaaaaaaaaaaaaaaaaaaaaaaaaaaaaaaaaaaaaaaaaaaaaaaaaaaaaaaaaaa
16/09/2022 09:57:44 info: Usuário "Felipe" desconectado da sala "java"
16/09/2022 09:57:48 info: Usuário conectado: "aaaaaaaaaa". Sala: "reactjs"
16/09/2022 09:57:52 info: Usuário aaaaaaaaaa enviou na sala reactjs: aaaaaaaaaaaaaaaaaaaaaaaaaaaaaaaaaaaaaaaaaaaaaaaaaaaaaaaaaaaaaaaaaaaaaaaaaaa
16/09/2022 09:58:10 info: Usuário "aaaaaaaaaa" desconectado da sala "reactjs"
16/09/2022 09:58:10 info: Usuário conectado: "aaaaaaaaaa". Sala: "reactjs"
16/09/2022 09:58:29 info: Usuário "aaaaaaaaaa" desconectado da sala "reactjs"
16/09/2022 09:58:41 info: Usuário conectado: "aaaaaaaaaa". Sala: "elixir"
16/09/2022 09:58:45 info: Usuário aaaaaaaaaa enviou na sala elixir: aaaaaaaaaaaaaaaaaaaaaaaaaaaaaaaaaaaaaaaaaaaaaaaaaaaaaaaaaaaaaaaaaaaaaa
16/09/2022 10:00:22 info: Usuário "aaaaaaaaaa" desconectado da sala "elixir"
16/09/2022 10:00:22 info: Usuário conectado: "aaaaaaaaaa". Sala: "elixir"
16/09/2022 10:01:20 info: Usuário "aaaaaaaaaa" desconectado da sala "elixir"
16/09/2022 10:01:20 info: Usuário conectado: "aaaaaaaaaa". Sala: "elixir"
16/09/2022 10:01:21 info: Usuário "aaaaaaaaaa" desconectado da sala "elixir"
16/09/2022 10:01:21 info: Usuário conectado: "aaaaaaaaaa". Sala: "elixir"
16/09/2022 10:01:39 info: Usuário "aaaaaaaaaa" desconectado da sala "elixir"
16/09/2022 10:01:39 info: Usuário conectado: "aaaaaaaaaa". Sala: "elixir"
16/09/2022 10:01:45 info: Usuário "aaaaaaaaaa" desconectado da sala "elixir"
16/09/2022 10:01:45 info: Usuário conectado: "aaaaaaaaaa". Sala: "elixir"
16/09/2022 10:02:07 info: Usuário "aaaaaaaaaa" desconectado da sala "elixir"
16/09/2022 10:02:07 info: Usuário conectado: "aaaaaaaaaa". Sala: "elixir"
16/09/2022 10:02:18 info: Usuário "aaaaaaaaaa" desconectado da sala "elixir"
16/09/2022 10:02:18 info: Usuário conectado: "aaaaaaaaaa". Sala: "elixir"
16/09/2022 10:02:20 info: Usuário "aaaaaaaaaa" desconectado da sala "elixir"
16/09/2022 10:02:20 info: Usuário conectado: "aaaaaaaaaa". Sala: "elixir"
16/09/2022 10:02:20 info: Usuário "aaaaaaaaaa" desconectado da sala "elixir"
16/09/2022 10:02:20 info: Usuário conectado: "aaaaaaaaaa". Sala: "elixir"
16/09/2022 10:02:21 info: Usuário "aaaaaaaaaa" desconectado da sala "elixir"
16/09/2022 10:02:21 info: Usuário conectado: "aaaaaaaaaa". Sala: "elixir"
16/09/2022 10:02:26 info: Usuário "aaaaaaaaaa" desconectado da sala "elixir"
16/09/2022 10:02:26 info: Usuário conectado: "aaaaaaaaaa". Sala: "elixir"
16/09/2022 10:02:29 info: Usuário "aaaaaaaaaa" desconectado da sala "elixir"
16/09/2022 10:02:29 info: Usuário conectado: "aaaaaaaaaa". Sala: "elixir"
16/09/2022 10:02:30 info: Usuário "aaaaaaaaaa" desconectado da sala "elixir"
16/09/2022 10:02:30 info: Usuário conectado: "aaaaaaaaaa". Sala: "elixir"
16/09/2022 10:02:47 info: Usuário "aaaaaaaaaa" desconectado da sala "elixir"
16/09/2022 10:02:47 info: Usuário conectado: "aaaaaaaaaa". Sala: "elixir"
16/09/2022 10:02:57 info: Usuário "aaaaaaaaaa" desconectado da sala "elixir"
16/09/2022 10:02:57 info: Usuário conectado: "aaaaaaaaaa". Sala: "elixir"
16/09/2022 10:03:46 info: Usuário "aaaaaaaaaa" desconectado da sala "elixir"
16/09/2022 10:03:47 info: Usuário conectado: "aaaaaaaaaa". Sala: "elixir"
16/09/2022 10:07:12 info: Usuário "aaaaaaaaaa" desconectado da sala "elixir"
16/09/2022 10:07:13 info: Usuário conectado: "aaaaaaaaaa". Sala: "elixir"
16/09/2022 10:07:18 info: Usuário "aaaaaaaaaa" desconectado da sala "elixir"
16/09/2022 10:07:18 info: Usuário conectado: "aaaaaaaaaa". Sala: "elixir"
16/09/2022 10:07:26 info: Usuário "aaaaaaaaaa" desconectado da sala "elixir"
16/09/2022 10:07:26 info: Usuário conectado: "aaaaaaaaaa". Sala: "elixir"
16/09/2022 10:07:32 info: Usuário "aaaaaaaaaa" desconectado da sala "elixir"
16/09/2022 10:07:32 info: Usuário conectado: "aaaaaaaaaa". Sala: "elixir"
16/09/2022 10:07:37 info: Usuário aaaaaaaaaa enviou na sala elixir: Teste
16/09/2022 10:07:54 info: Usuário "aaaaaaaaaa" desconectado da sala "elixir"
16/09/2022 10:07:54 info: Usuário conectado: "aaaaaaaaaa". Sala: "elixir"
16/09/2022 10:07:58 info: Usuário aaaaaaaaaa enviou na sala elixir: Teste
16/09/2022 10:07:59 info: Usuário aaaaaaaaaa enviou na sala elixir: a
16/09/2022 10:07:59 info: Usuário aaaaaaaaaa enviou na sala elixir: a
16/09/2022 10:07:59 info: Usuário aaaaaaaaaa enviou na sala elixir: a
16/09/2022 10:08:00 info: Usuário aaaaaaaaaa enviou na sala elixir: a
16/09/2022 10:09:04 info: Usuário "aaaaaaaaaa" desconectado da sala "elixir"
16/09/2022 10:09:05 info: Usuário conectado: "aaaaaaaaaa". Sala: "elixir"
16/09/2022 10:09:11 info: Usuário "aaaaaaaaaa" desconectado da sala "elixir"
16/09/2022 10:09:15 info: Usuário conectado: "Felipe". Sala: "node"
16/09/2022 10:09:45 info: Usuário "Felipe" desconectado da sala "node"
16/09/2022 10:09:45 info: Usuário conectado: "Felipe". Sala: "node"
16/09/2022 10:09:51 info: Usuário Felipe enviou na sala node: aaaaaaaaaaaaaaaaaaaaaaaaaaaaaaaaaaaaaaaaaaaaaaaaaaaaaaaaaaaaaaaaaaaaaaaaaaaaaaaaaaaaaaaaaaaaaaaaaaaaaaaaaaaaaaaaaaaaaaaaaaaaaaaaaaaaaaaaaaaaaaaaaaaaaaaaaaaaaaaaaaaaaaaaaaaaaaaaaaaaaaaaaaaaaaaaaaaaaaaa
16/09/2022 10:13:37 info: Usuário "Felipe" desconectado da sala "node"
16/09/2022 10:14:43 info: Usuário conectado: "Felipe". Sala: "node"
16/09/2022 10:19:35 info: Usuário "Felipe" desconectado da sala "node"
16/09/2022 10:19:36 info: Usuário conectado: "Felipe". Sala: "node"
16/09/2022 10:19:49 info: Usuário Felipe enviou na sala node: Teste
16/09/2022 10:19:53 info: Usuário Felipe enviou na sala node: aa
16/09/2022 10:20:48 info: Usuário "Felipe" desconectado da sala "node"
16/09/2022 10:20:48 info: Usuário conectado: "Felipe". Sala: "node"
16/09/2022 10:20:51 info: Usuário Felipe enviou na sala node: Teste
16/09/2022 10:22:19 info: Usuário "Felipe" desconectado da sala "node"
16/09/2022 10:22:19 info: Usuário conectado: "Felipe". Sala: "node"
16/09/2022 10:22:21 info: Usuário Felipe enviou na sala node: teste
16/09/2022 10:24:54 info: Usuário "Felipe" desconectado da sala "node"
16/09/2022 10:24:54 info: Usuário conectado: "Felipe". Sala: "node"
16/09/2022 10:24:56 info: Usuário Felipe enviou na sala node: ,
16/09/2022 10:25:12 info: Usuário Felipe enviou na sala node: teste
16/09/2022 10:25:39 info: Usuário "Felipe" desconectado da sala "node"
16/09/2022 10:26:35 info: Usuário conectado: "Felipe". Sala: "node"
16/09/2022 10:26:37 info: Usuário Felipe enviou na sala node: 1
16/09/2022 10:31:22 info: Server is running on PORT 3000.
16/09/2022 10:31:31 info: Usuário conectado: "João". Sala: "node"
16/09/2022 10:31:33 info: Usuário "João" desconectado da sala "node"
16/09/2022 10:31:40 info: Usuário conectado: "João". Sala: "node"
16/09/2022 10:31:49 info: Usuário João enviou na sala node: Teste
16/09/2022 10:32:00 info: Usuário João enviou na sala node: A
16/09/2022 10:32:01 info: Usuário João enviou na sala node: A
16/09/2022 10:32:01 info: Usuário João enviou na sala node: A
16/09/2022 10:32:01 info: Usuário João enviou na sala node: A
16/09/2022 10:32:01 info: Usuário João enviou na sala node: A
16/09/2022 10:32:01 info: Usuário João enviou na sala node: A
16/09/2022 10:32:02 info: Usuário João enviou na sala node: A
16/09/2022 10:32:02 info: Usuário João enviou na sala node: A
16/09/2022 10:32:02 info: Usuário João enviou na sala node: A
16/09/2022 10:32:02 info: Usuário João enviou na sala node: A
16/09/2022 10:32:03 info: Usuário João enviou na sala node: A
16/09/2022 10:32:07 info: Usuário João enviou na sala node: Teste
16/09/2022 10:32:17 info: Usuário conectado: "Lucas". Sala: "node"
16/09/2022 10:32:22 info: Usuário Lucas enviou na sala node: Oi, tudo bem?
16/09/2022 10:32:40 info: Usuário "João" desconectado da sala "node"
16/09/2022 10:32:43 info: Usuário conectado: "Felipe". Sala: "java"
16/09/2022 10:32:45 info: Usuário "Lucas" desconectado da sala "node"
16/09/2022 10:33:18 info: Usuário "Felipe" desconectado da sala "java"
16/09/2022 10:33:18 info: Usuário conectado: "Felipe". Sala: "java"
16/09/2022 10:33:20 info: Usuário "Felipe" desconectado da sala "java"
16/09/2022 10:34:30 info: Usuário conectado: "Felipe". Sala: "reactjs"
16/09/2022 10:34:32 info: Usuário "Felipe" desconectado da sala "reactjs"
16/09/2022 10:34:52 info: Server is running on PORT 3000.
16/09/2022 10:35:04 info: Usuário conectado: "Felipe". Sala: "node"
16/09/2022 10:37:40 info: Server is running on PORT 3000.
16/09/2022 10:37:58 info: Server is running on PORT 3000.
16/09/2022 10:38:20 info: Server is running on PORT 3000.
16/09/2022 10:40:45 info: Server is running on PORT 3000.
16/09/2022 10:43:12 info: Usuário conectado: "Felipe". Sala: "node"
16/09/2022 10:43:26 info: Usuário Felipe enviou na sala node: Opa! Alguém por aí?
16/09/2022 10:43:34 info: Usuário conectado: "Lucas". Sala: "node"
16/09/2022 10:43:51 info: Usuário Lucas enviou na sala node: Fala, Fê! Tranquilo?
16/09/2022 10:43:59 info: Usuário Lucas enviou na sala node: Seja bem-vindo meu conchegado!
16/09/2022 10:44:20 info: Usuário Felipe enviou na sala node: Bóh, muito obrigado, meu consagrado.
16/09/2022 10:44:35 info: Usuário Lucas enviou na sala node: Báh, não tem de quê meu companheiro!
16/09/2022 10:44:59 info: Usuário Felipe enviou na sala node: Oxi, bão demais da conta meu mano velho.
16/09/2022 10:45:13 info: Usuário Lucas enviou na sala node: Hahaha! Tamo junto meu grandioso
